#
# There is insufficient memory for the Java Runtime Environment to continue.
# Native memory allocation (malloc) failed to allocate 32744 bytes for Chunk::new
# Possible reasons:
#   The system is out of physical RAM or swap space
#   The process is running with CompressedOops enabled, and the Java Heap may be blocking the growth of the native heap
# Possible solutions:
#   Reduce memory load on the system
#   Increase physical memory or swap space
#   Check if swap backing store is full
#   Decrease Java heap size (-Xmx/-Xms)
#   Decrease number of Java threads
#   Decrease Java thread stack sizes (-Xss)
#   Set larger code cache with -XX:ReservedCodeCacheSize=
#   JVM is running with Unscaled Compressed Oops mode in which the Java heap is
#     placed in the first 4GB address space. The Java Heap base address is the
#     maximum limit for the native heap growth. Please use -XX:HeapBaseMinAddress
#     to set the Java Heap base and to place the Java Heap above 4GB virtual address.
# This output file may be truncated or incomplete.
#
#  Out of Memory Error (arena.cpp:168), pid=14576, tid=17236
#
# JRE version: Java(TM) SE Runtime Environment (21.0.6+8) (build 21.0.6+8-LTS-188)
# Java VM: Java HotSpot(TM) 64-Bit Server VM (21.0.6+8-LTS-188, mixed mode, sharing, tiered, compressed oops, compressed class ptrs, g1 gc, windows-amd64)
# No core dump will be written. Minidumps are not enabled by default on client versions of Windows
#

---------------  S U M M A R Y ------------

Command Line: -Dfile.encoding=UTF-8 --module-path=C:\Users\souja\OneDrive\Pictures\Documents\NetBeansProjects\Travel Management System\build\classes travel.management.system.ViewCustomer

Host: AMD Ryzen 5 7530U with Radeon Graphics         , 12 cores, 7G,  Windows 11 , 64 bit Build 22621 (10.0.22621.4830)
Time: Tue Mar 18 13:06:04 2025 India Standard Time elapsed time: 1.590226 seconds (0d 0h 0m 1s)

---------------  T H R E A D  ---------------

Current thread (0x000001ede1f1dfb0):  JavaThread "C2 CompilerThread0" daemon [_thread_in_native, id=17236, stack(0x000000a338d00000,0x000000a338e00000) (1024K)]


Current CompileTask:
C2:   1590 1375       4       sun.security.util.math.intpoly.IntegerPolynomial$MutableElement::conditionalSet (53 bytes)

Stack: [0x000000a338d00000,0x000000a338e00000]
Native frames: (J=compiled Java code, j=interpreted, Vv=VM code, C=native code)
V  [jvm.dll+0x6ca6d9]
V  [jvm.dll+0x854f51]
V  [jvm.dll+0x85747e]
V  [jvm.dll+0x857b53]
V  [jvm.dll+0x27dcc6]
V  [jvm.dll+0xc4c2d]
V  [jvm.dll+0xc5163]
V  [jvm.dll+0xc4d55]
V  [jvm.dll+0x6a76fc]
V  [jvm.dll+0x6553b1]
V  [jvm.dll+0x65561f]
V  [jvm.dll+0x6555de]
V  [jvm.dll+0x65524e]
V  [jvm.dll+0x65561f]
V  [jvm.dll+0x65524e]
V  [jvm.dll+0x65561f]
V  [jvm.dll+0x65524e]
V  [jvm.dll+0x65561f]
V  [jvm.dll+0x65524e]
V  [jvm.dll+0x65aacd]
V  [jvm.dll+0x65ba16]
V  [jvm.dll+0x659d6d]
V  [jvm.dll+0x2467a5]
V  [jvm.dll+0x245eff]
V  [jvm.dll+0x1c6d2e]
V  [jvm.dll+0x2554f9]
V  [jvm.dll+0x253a8a]
V  [jvm.dll+0x3ee576]
V  [jvm.dll+0x7ff2fb]
V  [jvm.dll+0x6c8dbd]
C  [ucrtbase.dll+0x29333]
C  [KERNEL32.DLL+0x1259d]
C  [ntdll.dll+0x5af38]


---------------  P R O C E S S  ---------------

Threads class SMR info:
_java_thread_list=0x000001ede7e1c670, length=17, elements={
0x000001edc32e9030, 0x000001ede1f03860, 0x000001ede1f06680, 0x000001ede1f09c40,
0x000001ede1f0d7e0, 0x000001ede1f0de40, 0x000001ede1f1a680, 0x000001ede1f1dfb0,
0x000001ede1f21b50, 0x000001ede1f1c0c0, 0x000001ede1f1ad10, 0x000001ede1f1b3a0,
0x000001ede1f19ff0, 0x000001ede1f1c750, 0x000001ede7c3db40, 0x000001ede1f1cde0,
0x000001ede80b92e0
}

Java Threads: ( => current thread )
  0x000001edc32e9030 JavaThread "main"                              [_thread_in_vm, id=14548, stack(0x000000a337f00000,0x000000a338000000) (1024K)]
  0x000001ede1f03860 JavaThread "Reference Handler"          daemon [_thread_blocked, id=15600, stack(0x000000a338700000,0x000000a338800000) (1024K)]
  0x000001ede1f06680 JavaThread "Finalizer"                  daemon [_thread_blocked, id=27492, stack(0x000000a338800000,0x000000a338900000) (1024K)]
  0x000001ede1f09c40 JavaThread "Signal Dispatcher"          daemon [_thread_blocked, id=8560, stack(0x000000a338900000,0x000000a338a00000) (1024K)]
  0x000001ede1f0d7e0 JavaThread "Attach Listener"            daemon [_thread_blocked, id=2084, stack(0x000000a338a00000,0x000000a338b00000) (1024K)]
  0x000001ede1f0de40 JavaThread "Service Thread"             daemon [_thread_blocked, id=21612, stack(0x000000a338b00000,0x000000a338c00000) (1024K)]
  0x000001ede1f1a680 JavaThread "Monitor Deflation Thread"   daemon [_thread_blocked, id=21624, stack(0x000000a338c00000,0x000000a338d00000) (1024K)]
=>0x000001ede1f1dfb0 JavaThread "C2 CompilerThread0"         daemon [_thread_in_native, id=17236, stack(0x000000a338d00000,0x000000a338e00000) (1024K)]
  0x000001ede1f21b50 JavaThread "C1 CompilerThread0"         daemon [_thread_blocked, id=27000, stack(0x000000a338e00000,0x000000a338f00000) (1024K)]
  0x000001ede1f1c0c0 JavaThread "Common-Cleaner"             daemon [_thread_blocked, id=12788, stack(0x000000a338f00000,0x000000a339000000) (1024K)]
  0x000001ede1f1ad10 JavaThread "Notification Thread"        daemon [_thread_blocked, id=26052, stack(0x000000a339000000,0x000000a339100000) (1024K)]
  0x000001ede1f1b3a0 JavaThread "Java2D Disposer"            daemon [_thread_blocked, id=25200, stack(0x000000a339100000,0x000000a339200000) (1024K)]
  0x000001ede1f19ff0 JavaThread "AWT-Windows"                daemon [_thread_in_native, id=26168, stack(0x000000a339300000,0x000000a339400000) (1024K)]
  0x000001ede1f1c750 JavaThread "Image Fetcher 0"            daemon [_thread_blocked, id=22764, stack(0x000000a339600000,0x000000a339700000) (1024K)]
  0x000001ede7c3db40 JavaThread "C2 CompilerThread1"         daemon [_thread_blocked, id=22416, stack(0x000000a339700000,0x000000a339800000) (1024K)]
  0x000001ede1f1cde0 JavaThread "mysql-cj-abandoned-connection-cleanup" daemon [_thread_blocked, id=27100, stack(0x000000a339800000,0x000000a339900000) (1024K)]
  0x000001ede80b92e0 JavaThread "C2 CompilerThread2"         daemon [_thread_in_native, id=24076, stack(0x000000a339900000,0x000000a339a00000) (1024K)]
Total: 17

Other Threads:
  0x000001ede1eee170 VMThread "VM Thread"                           [id=18216, stack(0x000000a338600000,0x000000a338700000) (1024K)]
  0x000001ede1ede4b0 WatcherThread "VM Periodic Task Thread"        [id=9356, stack(0x000000a338500000,0x000000a338600000) (1024K)]
  0x000001edc548a3f0 WorkerThread "GC Thread#0"                     [id=24404, stack(0x000000a338000000,0x000000a338100000) (1024K)]
  0x000001edc549a080 ConcurrentGCThread "G1 Main Marker"            [id=26564, stack(0x000000a338100000,0x000000a338200000) (1024K)]
  0x000001edc549ab80 WorkerThread "G1 Conc#0"                       [id=26828, stack(0x000000a338200000,0x000000a338300000) (1024K)]
  0x000001edc54fe9d0 ConcurrentGCThread "G1 Refine#0"               [id=21068, stack(0x000000a338300000,0x000000a338400000) (1024K)]
  0x000001ede1db37d0 ConcurrentGCThread "G1 Service"                [id=11828, stack(0x000000a338400000,0x000000a338500000) (1024K)]
Total: 7

Threads with active compile tasks:
C2 CompilerThread0     1848 1375       4       sun.security.util.math.intpoly.IntegerPolynomial$MutableElement::conditionalSet (53 bytes)
C2 CompilerThread2     1848 1401       4       sun.security.ec.ECOperations::setDouble (463 bytes)
Total: 2

VM state: not at safepoint (normal execution)

VM Mutex/Monitor currently owned by a thread:  ([mutex/lock_event])
[0x00007ff986c1be18] Metaspace_lock - owner thread: 0x000001edc32e9030

Heap address: 0x000000008a800000, size: 1880 MB, Compressed Oops mode: 32-bit

CDS archive(s) mapped at: [0x000001ed80000000-0x000001ed80c90000-0x000001ed80c90000), size 13172736, SharedBaseAddress: 0x000001ed80000000, ArchiveRelocationMode: 1.
Compressed class space mapped at: 0x000001ed81000000-0x000001edc1000000, reserved size: 1073741824
Narrow klass base: 0x000001ed80000000, Narrow klass shift: 0, Narrow klass range: 0x100000000

GC Precious Log:
 CardTable entry size: 512
 Card Set container configuration: InlinePtr #cards 5 size 8 Array Of Cards #cards 12 size 40 Howl #buckets 4 coarsen threshold 1843 Howl Bitmap #cards 512 size 80 coarsen threshold 460 Card regions per heap region 1 cards per card region 2048
 CPUs: 12 total, 12 available
 Memory: 7519M
 Large Page Support: Disabled
 NUMA Support: Disabled
 Compressed Oops: Enabled (32-bit)
 Heap Region Size: 1M
 Heap Min Capacity: 8M
 Heap Initial Capacity: 118M
 Heap Max Capacity: 1880M
 Pre-touch: Disabled
 Parallel Workers: 10
 Concurrent Workers: 3
 Concurrent Refinement Workers: 10
 Periodic GC: Disabled

Heap:
 garbage-first heap   total 120832K, used 19456K [0x000000008a800000, 0x0000000100000000)
  region size 1024K, 20 young (20480K), 0 survivors (0K)
 Metaspace       used 12640K, committed 12800K, reserved 1114112K
  class space    used 1341K, committed 1408K, reserved 1048576K

Heap Regions: E=young(eden), S=young(survivor), O=old, HS=humongous(starts), HC=humongous(continues), CS=collection set, F=free, TAMS=top-at-mark-start, PB=parsable bottom
|   0|0x000000008a800000, 0x000000008a900000, 0x000000008a900000|100%|HS|  |TAMS 0x000000008a800000| PB 0x000000008a800000| Complete 
|   1|0x000000008a900000, 0x000000008a900000, 0x000000008aa00000|  0%| F|  |TAMS 0x000000008a900000| PB 0x000000008a900000| Untracked 
|   2|0x000000008aa00000, 0x000000008aa00000, 0x000000008ab00000|  0%| F|  |TAMS 0x000000008aa00000| PB 0x000000008aa00000| Untracked 
|   3|0x000000008ab00000, 0x000000008ab00000, 0x000000008ac00000|  0%| F|  |TAMS 0x000000008ab00000| PB 0x000000008ab00000| Untracked 
|   4|0x000000008ac00000, 0x000000008ac00000, 0x000000008ad00000|  0%| F|  |TAMS 0x000000008ac00000| PB 0x000000008ac00000| Untracked 
|   5|0x000000008ad00000, 0x000000008ad00000, 0x000000008ae00000|  0%| F|  |TAMS 0x000000008ad00000| PB 0x000000008ad00000| Untracked 
|   6|0x000000008ae00000, 0x000000008ae00000, 0x000000008af00000|  0%| F|  |TAMS 0x000000008ae00000| PB 0x000000008ae00000| Untracked 
|   7|0x000000008af00000, 0x000000008af00000, 0x000000008b000000|  0%| F|  |TAMS 0x000000008af00000| PB 0x000000008af00000| Untracked 
|   8|0x000000008b000000, 0x000000008b000000, 0x000000008b100000|  0%| F|  |TAMS 0x000000008b000000| PB 0x000000008b000000| Untracked 
|   9|0x000000008b100000, 0x000000008b100000, 0x000000008b200000|  0%| F|  |TAMS 0x000000008b100000| PB 0x000000008b100000| Untracked 
|  10|0x000000008b200000, 0x000000008b200000, 0x000000008b300000|  0%| F|  |TAMS 0x000000008b200000| PB 0x000000008b200000| Untracked 
|  11|0x000000008b300000, 0x000000008b300000, 0x000000008b400000|  0%| F|  |TAMS 0x000000008b300000| PB 0x000000008b300000| Untracked 
|  12|0x000000008b400000, 0x000000008b400000, 0x000000008b500000|  0%| F|  |TAMS 0x000000008b400000| PB 0x000000008b400000| Untracked 
|  13|0x000000008b500000, 0x000000008b500000, 0x000000008b600000|  0%| F|  |TAMS 0x000000008b500000| PB 0x000000008b500000| Untracked 
|  14|0x000000008b600000, 0x000000008b600000, 0x000000008b700000|  0%| F|  |TAMS 0x000000008b600000| PB 0x000000008b600000| Untracked 
|  15|0x000000008b700000, 0x000000008b700000, 0x000000008b800000|  0%| F|  |TAMS 0x000000008b700000| PB 0x000000008b700000| Untracked 
|  16|0x000000008b800000, 0x000000008b800000, 0x000000008b900000|  0%| F|  |TAMS 0x000000008b800000| PB 0x000000008b800000| Untracked 
|  17|0x000000008b900000, 0x000000008b900000, 0x000000008ba00000|  0%| F|  |TAMS 0x000000008b900000| PB 0x000000008b900000| Untracked 
|  18|0x000000008ba00000, 0x000000008ba00000, 0x000000008bb00000|  0%| F|  |TAMS 0x000000008ba00000| PB 0x000000008ba00000| Untracked 
|  19|0x000000008bb00000, 0x000000008bb00000, 0x000000008bc00000|  0%| F|  |TAMS 0x000000008bb00000| PB 0x000000008bb00000| Untracked 
|  20|0x000000008bc00000, 0x000000008bc00000, 0x000000008bd00000|  0%| F|  |TAMS 0x000000008bc00000| PB 0x000000008bc00000| Untracked 
|  21|0x000000008bd00000, 0x000000008bd00000, 0x000000008be00000|  0%| F|  |TAMS 0x000000008bd00000| PB 0x000000008bd00000| Untracked 
|  22|0x000000008be00000, 0x000000008be00000, 0x000000008bf00000|  0%| F|  |TAMS 0x000000008be00000| PB 0x000000008be00000| Untracked 
|  23|0x000000008bf00000, 0x000000008bf00000, 0x000000008c000000|  0%| F|  |TAMS 0x000000008bf00000| PB 0x000000008bf00000| Untracked 
|  24|0x000000008c000000, 0x000000008c000000, 0x000000008c100000|  0%| F|  |TAMS 0x000000008c000000| PB 0x000000008c000000| Untracked 
|  25|0x000000008c100000, 0x000000008c100000, 0x000000008c200000|  0%| F|  |TAMS 0x000000008c100000| PB 0x000000008c100000| Untracked 
|  26|0x000000008c200000, 0x000000008c200000, 0x000000008c300000|  0%| F|  |TAMS 0x000000008c200000| PB 0x000000008c200000| Untracked 
|  27|0x000000008c300000, 0x000000008c300000, 0x000000008c400000|  0%| F|  |TAMS 0x000000008c300000| PB 0x000000008c300000| Untracked 
|  28|0x000000008c400000, 0x000000008c400000, 0x000000008c500000|  0%| F|  |TAMS 0x000000008c400000| PB 0x000000008c400000| Untracked 
|  29|0x000000008c500000, 0x000000008c500000, 0x000000008c600000|  0%| F|  |TAMS 0x000000008c500000| PB 0x000000008c500000| Untracked 
|  30|0x000000008c600000, 0x000000008c600000, 0x000000008c700000|  0%| F|  |TAMS 0x000000008c600000| PB 0x000000008c600000| Untracked 
|  31|0x000000008c700000, 0x000000008c700000, 0x000000008c800000|  0%| F|  |TAMS 0x000000008c700000| PB 0x000000008c700000| Untracked 
|  32|0x000000008c800000, 0x000000008c800000, 0x000000008c900000|  0%| F|  |TAMS 0x000000008c800000| PB 0x000000008c800000| Untracked 
|  33|0x000000008c900000, 0x000000008c900000, 0x000000008ca00000|  0%| F|  |TAMS 0x000000008c900000| PB 0x000000008c900000| Untracked 
|  34|0x000000008ca00000, 0x000000008ca00000, 0x000000008cb00000|  0%| F|  |TAMS 0x000000008ca00000| PB 0x000000008ca00000| Untracked 
|  35|0x000000008cb00000, 0x000000008cb00000, 0x000000008cc00000|  0%| F|  |TAMS 0x000000008cb00000| PB 0x000000008cb00000| Untracked 
|  36|0x000000008cc00000, 0x000000008cc00000, 0x000000008cd00000|  0%| F|  |TAMS 0x000000008cc00000| PB 0x000000008cc00000| Untracked 
|  37|0x000000008cd00000, 0x000000008cd00000, 0x000000008ce00000|  0%| F|  |TAMS 0x000000008cd00000| PB 0x000000008cd00000| Untracked 
|  38|0x000000008ce00000, 0x000000008ce00000, 0x000000008cf00000|  0%| F|  |TAMS 0x000000008ce00000| PB 0x000000008ce00000| Untracked 
|  39|0x000000008cf00000, 0x000000008cf00000, 0x000000008d000000|  0%| F|  |TAMS 0x000000008cf00000| PB 0x000000008cf00000| Untracked 
|  40|0x000000008d000000, 0x000000008d000000, 0x000000008d100000|  0%| F|  |TAMS 0x000000008d000000| PB 0x000000008d000000| Untracked 
|  41|0x000000008d100000, 0x000000008d100000, 0x000000008d200000|  0%| F|  |TAMS 0x000000008d100000| PB 0x000000008d100000| Untracked 
|  42|0x000000008d200000, 0x000000008d200000, 0x000000008d300000|  0%| F|  |TAMS 0x000000008d200000| PB 0x000000008d200000| Untracked 
|  43|0x000000008d300000, 0x000000008d300000, 0x000000008d400000|  0%| F|  |TAMS 0x000000008d300000| PB 0x000000008d300000| Untracked 
|  44|0x000000008d400000, 0x000000008d400000, 0x000000008d500000|  0%| F|  |TAMS 0x000000008d400000| PB 0x000000008d400000| Untracked 
|  45|0x000000008d500000, 0x000000008d500000, 0x000000008d600000|  0%| F|  |TAMS 0x000000008d500000| PB 0x000000008d500000| Untracked 
|  46|0x000000008d600000, 0x000000008d600000, 0x000000008d700000|  0%| F|  |TAMS 0x000000008d600000| PB 0x000000008d600000| Untracked 
|  47|0x000000008d700000, 0x000000008d700000, 0x000000008d800000|  0%| F|  |TAMS 0x000000008d700000| PB 0x000000008d700000| Untracked 
|  48|0x000000008d800000, 0x000000008d800000, 0x000000008d900000|  0%| F|  |TAMS 0x000000008d800000| PB 0x000000008d800000| Untracked 
|  49|0x000000008d900000, 0x000000008d900000, 0x000000008da00000|  0%| F|  |TAMS 0x000000008d900000| PB 0x000000008d900000| Untracked 
|  50|0x000000008da00000, 0x000000008da00000, 0x000000008db00000|  0%| F|  |TAMS 0x000000008da00000| PB 0x000000008da00000| Untracked 
|  51|0x000000008db00000, 0x000000008db00000, 0x000000008dc00000|  0%| F|  |TAMS 0x000000008db00000| PB 0x000000008db00000| Untracked 
|  52|0x000000008dc00000, 0x000000008dc00000, 0x000000008dd00000|  0%| F|  |TAMS 0x000000008dc00000| PB 0x000000008dc00000| Untracked 
|  53|0x000000008dd00000, 0x000000008dd00000, 0x000000008de00000|  0%| F|  |TAMS 0x000000008dd00000| PB 0x000000008dd00000| Untracked 
|  54|0x000000008de00000, 0x000000008de00000, 0x000000008df00000|  0%| F|  |TAMS 0x000000008de00000| PB 0x000000008de00000| Untracked 
|  55|0x000000008df00000, 0x000000008df00000, 0x000000008e000000|  0%| F|  |TAMS 0x000000008df00000| PB 0x000000008df00000| Untracked 
|  56|0x000000008e000000, 0x000000008e000000, 0x000000008e100000|  0%| F|  |TAMS 0x000000008e000000| PB 0x000000008e000000| Untracked 
|  57|0x000000008e100000, 0x000000008e100000, 0x000000008e200000|  0%| F|  |TAMS 0x000000008e100000| PB 0x000000008e100000| Untracked 
|  58|0x000000008e200000, 0x000000008e200000, 0x000000008e300000|  0%| F|  |TAMS 0x000000008e200000| PB 0x000000008e200000| Untracked 
|  59|0x000000008e300000, 0x000000008e300000, 0x000000008e400000|  0%| F|  |TAMS 0x000000008e300000| PB 0x000000008e300000| Untracked 
|  60|0x000000008e400000, 0x000000008e400000, 0x000000008e500000|  0%| F|  |TAMS 0x000000008e400000| PB 0x000000008e400000| Untracked 
|  61|0x000000008e500000, 0x000000008e500000, 0x000000008e600000|  0%| F|  |TAMS 0x000000008e500000| PB 0x000000008e500000| Untracked 
|  62|0x000000008e600000, 0x000000008e600000, 0x000000008e700000|  0%| F|  |TAMS 0x000000008e600000| PB 0x000000008e600000| Untracked 
|  63|0x000000008e700000, 0x000000008e700000, 0x000000008e800000|  0%| F|  |TAMS 0x000000008e700000| PB 0x000000008e700000| Untracked 
|  64|0x000000008e800000, 0x000000008e800000, 0x000000008e900000|  0%| F|  |TAMS 0x000000008e800000| PB 0x000000008e800000| Untracked 
|  65|0x000000008e900000, 0x000000008e900000, 0x000000008ea00000|  0%| F|  |TAMS 0x000000008e900000| PB 0x000000008e900000| Untracked 
|  66|0x000000008ea00000, 0x000000008ea00000, 0x000000008eb00000|  0%| F|  |TAMS 0x000000008ea00000| PB 0x000000008ea00000| Untracked 
|  67|0x000000008eb00000, 0x000000008eb00000, 0x000000008ec00000|  0%| F|  |TAMS 0x000000008eb00000| PB 0x000000008eb00000| Untracked 
|  68|0x000000008ec00000, 0x000000008ec00000, 0x000000008ed00000|  0%| F|  |TAMS 0x000000008ec00000| PB 0x000000008ec00000| Untracked 
|  69|0x000000008ed00000, 0x000000008ed00000, 0x000000008ee00000|  0%| F|  |TAMS 0x000000008ed00000| PB 0x000000008ed00000| Untracked 
|  70|0x000000008ee00000, 0x000000008ee00000, 0x000000008ef00000|  0%| F|  |TAMS 0x000000008ee00000| PB 0x000000008ee00000| Untracked 
|  71|0x000000008ef00000, 0x000000008ef00000, 0x000000008f000000|  0%| F|  |TAMS 0x000000008ef00000| PB 0x000000008ef00000| Untracked 
|  72|0x000000008f000000, 0x000000008f000000, 0x000000008f100000|  0%| F|  |TAMS 0x000000008f000000| PB 0x000000008f000000| Untracked 
|  73|0x000000008f100000, 0x000000008f100000, 0x000000008f200000|  0%| F|  |TAMS 0x000000008f100000| PB 0x000000008f100000| Untracked 
|  74|0x000000008f200000, 0x000000008f200000, 0x000000008f300000|  0%| F|  |TAMS 0x000000008f200000| PB 0x000000008f200000| Untracked 
|  75|0x000000008f300000, 0x000000008f300000, 0x000000008f400000|  0%| F|  |TAMS 0x000000008f300000| PB 0x000000008f300000| Untracked 
|  76|0x000000008f400000, 0x000000008f400000, 0x000000008f500000|  0%| F|  |TAMS 0x000000008f400000| PB 0x000000008f400000| Untracked 
|  77|0x000000008f500000, 0x000000008f500000, 0x000000008f600000|  0%| F|  |TAMS 0x000000008f500000| PB 0x000000008f500000| Untracked 
|  78|0x000000008f600000, 0x000000008f600000, 0x000000008f700000|  0%| F|  |TAMS 0x000000008f600000| PB 0x000000008f600000| Untracked 
|  79|0x000000008f700000, 0x000000008f700000, 0x000000008f800000|  0%| F|  |TAMS 0x000000008f700000| PB 0x000000008f700000| Untracked 
|  80|0x000000008f800000, 0x000000008f800000, 0x000000008f900000|  0%| F|  |TAMS 0x000000008f800000| PB 0x000000008f800000| Untracked 
|  81|0x000000008f900000, 0x000000008f900000, 0x000000008fa00000|  0%| F|  |TAMS 0x000000008f900000| PB 0x000000008f900000| Untracked 
|  82|0x000000008fa00000, 0x000000008fa00000, 0x000000008fb00000|  0%| F|  |TAMS 0x000000008fa00000| PB 0x000000008fa00000| Untracked 
|  83|0x000000008fb00000, 0x000000008fb00000, 0x000000008fc00000|  0%| F|  |TAMS 0x000000008fb00000| PB 0x000000008fb00000| Untracked 
|  84|0x000000008fc00000, 0x000000008fc00000, 0x000000008fd00000|  0%| F|  |TAMS 0x000000008fc00000| PB 0x000000008fc00000| Untracked 
|  85|0x000000008fd00000, 0x000000008fd00000, 0x000000008fe00000|  0%| F|  |TAMS 0x000000008fd00000| PB 0x000000008fd00000| Untracked 
|  86|0x000000008fe00000, 0x000000008fe00000, 0x000000008ff00000|  0%| F|  |TAMS 0x000000008fe00000| PB 0x000000008fe00000| Untracked 
|  87|0x000000008ff00000, 0x000000008ff00000, 0x0000000090000000|  0%| F|  |TAMS 0x000000008ff00000| PB 0x000000008ff00000| Untracked 
|  88|0x0000000090000000, 0x0000000090000000, 0x0000000090100000|  0%| F|  |TAMS 0x0000000090000000| PB 0x0000000090000000| Untracked 
|  89|0x0000000090100000, 0x0000000090100000, 0x0000000090200000|  0%| F|  |TAMS 0x0000000090100000| PB 0x0000000090100000| Untracked 
|  90|0x0000000090200000, 0x0000000090200000, 0x0000000090300000|  0%| F|  |TAMS 0x0000000090200000| PB 0x0000000090200000| Untracked 
|  91|0x0000000090300000, 0x0000000090300000, 0x0000000090400000|  0%| F|  |TAMS 0x0000000090300000| PB 0x0000000090300000| Untracked 
|  92|0x0000000090400000, 0x0000000090400000, 0x0000000090500000|  0%| F|  |TAMS 0x0000000090400000| PB 0x0000000090400000| Untracked 
|  93|0x0000000090500000, 0x0000000090500000, 0x0000000090600000|  0%| F|  |TAMS 0x0000000090500000| PB 0x0000000090500000| Untracked 
|  94|0x0000000090600000, 0x0000000090600000, 0x0000000090700000|  0%| F|  |TAMS 0x0000000090600000| PB 0x0000000090600000| Untracked 
|  95|0x0000000090700000, 0x0000000090700000, 0x0000000090800000|  0%| F|  |TAMS 0x0000000090700000| PB 0x0000000090700000| Untracked 
|  96|0x0000000090800000, 0x0000000090800000, 0x0000000090900000|  0%| F|  |TAMS 0x0000000090800000| PB 0x0000000090800000| Untracked 
|  97|0x0000000090900000, 0x0000000090900000, 0x0000000090a00000|  0%| F|  |TAMS 0x0000000090900000| PB 0x0000000090900000| Untracked 
|  98|0x0000000090a00000, 0x0000000090b00000, 0x0000000090b00000|100%| E|  |TAMS 0x0000000090a00000| PB 0x0000000090a00000| Complete 
|  99|0x0000000090b00000, 0x0000000090c00000, 0x0000000090c00000|100%| E|CS|TAMS 0x0000000090b00000| PB 0x0000000090b00000| Complete 
| 100|0x0000000090c00000, 0x0000000090d00000, 0x0000000090d00000|100%| E|CS|TAMS 0x0000000090c00000| PB 0x0000000090c00000| Complete 
| 101|0x0000000090d00000, 0x0000000090e00000, 0x0000000090e00000|100%| E|CS|TAMS 0x0000000090d00000| PB 0x0000000090d00000| Complete 
| 102|0x0000000090e00000, 0x0000000090f00000, 0x0000000090f00000|100%| E|CS|TAMS 0x0000000090e00000| PB 0x0000000090e00000| Complete 
| 103|0x0000000090f00000, 0x0000000091000000, 0x0000000091000000|100%| E|CS|TAMS 0x0000000090f00000| PB 0x0000000090f00000| Complete 
| 104|0x0000000091000000, 0x0000000091100000, 0x0000000091100000|100%| E|CS|TAMS 0x0000000091000000| PB 0x0000000091000000| Complete 
| 105|0x0000000091100000, 0x0000000091200000, 0x0000000091200000|100%| E|  |TAMS 0x0000000091100000| PB 0x0000000091100000| Complete 
| 106|0x0000000091200000, 0x0000000091300000, 0x0000000091300000|100%| E|CS|TAMS 0x0000000091200000| PB 0x0000000091200000| Complete 
| 107|0x0000000091300000, 0x0000000091400000, 0x0000000091400000|100%| E|CS|TAMS 0x0000000091300000| PB 0x0000000091300000| Complete 
| 108|0x0000000091400000, 0x0000000091500000, 0x0000000091500000|100%| E|CS|TAMS 0x0000000091400000| PB 0x0000000091400000| Complete 
| 109|0x0000000091500000, 0x0000000091600000, 0x0000000091600000|100%| E|CS|TAMS 0x0000000091500000| PB 0x0000000091500000| Complete 
| 110|0x0000000091600000, 0x0000000091700000, 0x0000000091700000|100%| E|CS|TAMS 0x0000000091600000| PB 0x0000000091600000| Complete 
| 111|0x0000000091700000, 0x0000000091800000, 0x0000000091800000|100%| E|CS|TAMS 0x0000000091700000| PB 0x0000000091700000| Complete 
| 112|0x0000000091800000, 0x0000000091900000, 0x0000000091900000|100%| E|CS|TAMS 0x0000000091800000| PB 0x0000000091800000| Complete 
| 113|0x0000000091900000, 0x0000000091a00000, 0x0000000091a00000|100%| E|CS|TAMS 0x0000000091900000| PB 0x0000000091900000| Complete 
| 114|0x0000000091a00000, 0x0000000091b00000, 0x0000000091b00000|100%| E|CS|TAMS 0x0000000091a00000| PB 0x0000000091a00000| Complete 
| 115|0x0000000091b00000, 0x0000000091c00000, 0x0000000091c00000|100%| E|CS|TAMS 0x0000000091b00000| PB 0x0000000091b00000| Complete 
| 116|0x0000000091c00000, 0x0000000091d00000, 0x0000000091d00000|100%| E|CS|TAMS 0x0000000091c00000| PB 0x0000000091c00000| Complete 
| 117|0x0000000091d00000, 0x0000000091e00000, 0x0000000091e00000|100%| E|CS|TAMS 0x0000000091d00000| PB 0x0000000091d00000| Complete 

Card table byte_map: [0x000001eddd1c0000,0x000001eddd570000] _byte_map_base: 0x000001eddcd6c000

Marking Bits: (CMBitMap*) 0x000001edc548aaf0
 Bits: [0x000001eddd570000, 0x000001eddf2d0000)

Polling page: 0x000001edc32b0000

Metaspace:

Usage:
  Non-class:     11.03 MB used.
      Class:      1.31 MB used.
       Both:     12.34 MB used.

Virtual space:
  Non-class space:       64.00 MB reserved,      11.12 MB ( 17%) committed,  1 nodes.
      Class space:        1.00 GB reserved,       1.38 MB ( <1%) committed,  1 nodes.
             Both:        1.06 GB reserved,      12.50 MB (  1%) committed. 

Chunk freelists:
   Non-Class:  4.89 MB
       Class:  14.56 MB
        Both:  19.45 MB

MaxMetaspaceSize: unlimited
CompressedClassSpaceSize: 1.00 GB
Initial GC threshold: 21.00 MB
Current GC threshold: 21.00 MB
CDS: on
 - commit_granule_bytes: 65536.
 - commit_granule_words: 8192.
 - virtual_space_node_default_size: 8388608.
 - enlarge_chunks_in_place: 1.
 - use_allocation_guard: 0.


Internal statistics:

num_allocs_failed_limit: 0.
num_arena_births: 164.
num_arena_deaths: 0.
num_vsnodes_births: 2.
num_vsnodes_deaths: 0.
num_space_committed: 200.
num_space_uncommitted: 0.
num_chunks_returned_to_freelist: 0.
num_chunks_taken_from_freelist: 308.
num_chunk_merges: 0.
num_chunk_splits: 201.
num_chunks_enlarged: 120.
num_inconsistent_stats: 0.

CodeHeap 'non-profiled nmethods': size=120000Kb used=522Kb max_used=522Kb free=119477Kb
 bounds [0x000001edd5390000, 0x000001edd5600000, 0x000001eddc8c0000]
CodeHeap 'profiled nmethods': size=120000Kb used=2348Kb max_used=2348Kb free=117651Kb
 bounds [0x000001edcd8c0000, 0x000001edcdb30000, 0x000001edd4df0000]
CodeHeap 'non-nmethods': size=5760Kb used=1589Kb max_used=1605Kb free=4170Kb
 bounds [0x000001edd4df0000, 0x000001edd5060000, 0x000001edd5390000]
 total_blobs=2059 nmethods=1415 adapters=549
 compilation: enabled
              stopped_count=0, restarted_count=0
 full_count=0

Compilation events (20 events):
Event: 1.572 Thread 0x000001ede7c3db40 nmethod 1370 0x000001edd540ae10 code [0x000001edd540afa0, 0x000001edd540b138]
Event: 1.572 Thread 0x000001ede7c3db40 1380       4       sun.security.util.math.intpoly.IntegerPolynomial$MutableElement::setDifference (6 bytes)
Event: 1.572 Thread 0x000001ede1f21b50 1388       3       sun.security.ec.point.ProjectivePoint$Immutable::<init> (8 bytes)
Event: 1.572 Thread 0x000001ede1f21b50 nmethod 1388 0x000001edcdafe110 code [0x000001edcdafe2c0, 0x000001edcdafe598]
Event: 1.573 Thread 0x000001ede1f21b50 1390       3       sun.security.ec.point.ProjectivePoint::fixed (35 bytes)
Event: 1.574 Thread 0x000001ede1f21b50 nmethod 1390 0x000001edcdafe690 code [0x000001edcdafe880, 0x000001edcdafeed0]
Event: 1.574 Thread 0x000001ede1f21b50 1392       3       sun.security.util.math.intpoly.IntegerPolynomial$MutableElement::<init> (13 bytes)
Event: 1.574 Thread 0x000001ede1f21b50 nmethod 1392 0x000001edcdaff110 code [0x000001edcdaff2c0, 0x000001edcdaff5a0]
Event: 1.575 Thread 0x000001ede1f21b50 1393       3       sun.security.util.math.intpoly.IntegerPolynomial$Element::mutable (26 bytes)
Event: 1.575 Thread 0x000001ede1f21b50 nmethod 1393 0x000001edcdaff690 code [0x000001edcdaff880, 0x000001edcdaffe20]
Event: 1.575 Thread 0x000001ede1f21b50 1394       3       sun.security.ec.ECOperations::setSum (549 bytes)
Event: 1.579 Thread 0x000001ede1f21b50 nmethod 1394 0x000001edcdb00010 code [0x000001edcdb00840, 0x000001edcdb057a0]
Event: 1.579 Thread 0x000001ede1f21b50 1395       1       sun.security.util.math.intpoly.IntegerPolynomial$Element::getField (5 bytes)
Event: 1.579 Thread 0x000001ede1f21b50 nmethod 1395 0x000001edd540b290 code [0x000001edd540b420, 0x000001edd540b4e8]
Event: 1.581 Thread 0x000001ede1f21b50 1396       3       sun.security.util.math.intpoly.IntegerPolynomial$ImmutableElement::<init> (7 bytes)
Event: 1.581 Thread 0x000001ede1f21b50 nmethod 1396 0x000001edcdb06f90 code [0x000001edcdb07140, 0x000001edcdb07278]
Event: 1.581 Thread 0x000001ede1f21b50 1397       3       sun.security.util.math.intpoly.IntegerPolynomial$Element::<init> (40 bytes)
Event: 1.582 Thread 0x000001ede1f21b50 nmethod 1397 0x000001edcdb07310 code [0x000001edcdb074c0, 0x000001edcdb07808]
Event: 1.582 Thread 0x000001ede7c3db40 nmethod 1380 0x000001edd540b590 code [0x000001edd540b740, 0x000001edd540ba40]
Event: 1.583 Thread 0x000001ede7c3db40 1381       4       sun.security.util.math.intpoly.IntegerPolynomial$MutableElement::setSum (6 bytes)

GC Heap History (0 events):
No events

Dll operation events (10 events):
Event: 0.011 Loaded shared library C:\Program Files\Java\jdk-21\bin\java.dll
Event: 0.295 Loaded shared library C:\Program Files\Java\jdk-21\bin\jsvml.dll
Event: 0.347 Loaded shared library C:\Program Files\Java\jdk-21\bin\net.dll
Event: 0.350 Loaded shared library C:\Program Files\Java\jdk-21\bin\nio.dll
Event: 0.384 Loaded shared library C:\Program Files\Java\jdk-21\bin\zip.dll
Event: 0.403 Loaded shared library C:\Program Files\Java\jdk-21\bin\jimage.dll
Event: 0.426 Loaded shared library C:\Program Files\Java\jdk-21\bin\awt.dll
Event: 0.852 Loaded shared library C:\Program Files\Java\jdk-21\bin\javajpeg.dll
Event: 1.131 Loaded shared library C:\Program Files\Java\jdk-21\bin\extnet.dll
Event: 1.283 Loaded shared library C:\Program Files\Java\jdk-21\bin\sunmscapi.dll

Deoptimization events (20 events):
Event: 1.295 Thread 0x000001edc32e9030 Uncommon trap: trap_request=0xffffffde fr.pc=0x000001edd53ed5d0 relative=0x0000000000000a90
Event: 1.295 Thread 0x000001edc32e9030 Uncommon trap: reason=class_check action=maybe_recompile pc=0x000001edd53ed5d0 method=java.util.HashMap.putVal(ILjava/lang/Object;Ljava/lang/Object;ZZ)Ljava/lang/Object; @ 203 c2
Event: 1.295 Thread 0x000001edc32e9030 DEOPT PACKING pc=0x000001edd53ed5d0 sp=0x000000a337ffcfc0
Event: 1.295 Thread 0x000001edc32e9030 DEOPT UNPACKING pc=0x000001edd4e446a2 sp=0x000000a337ffcef8 mode 2
Event: 1.296 Thread 0x000001edc32e9030 Uncommon trap: trap_request=0xffffffde fr.pc=0x000001edd53ed5d0 relative=0x0000000000000a90
Event: 1.296 Thread 0x000001edc32e9030 Uncommon trap: reason=class_check action=maybe_recompile pc=0x000001edd53ed5d0 method=java.util.HashMap.putVal(ILjava/lang/Object;Ljava/lang/Object;ZZ)Ljava/lang/Object; @ 203 c2
Event: 1.296 Thread 0x000001edc32e9030 DEOPT PACKING pc=0x000001edd53ed5d0 sp=0x000000a337ffcfc0
Event: 1.296 Thread 0x000001edc32e9030 DEOPT UNPACKING pc=0x000001edd4e446a2 sp=0x000000a337ffcef8 mode 2
Event: 1.299 Thread 0x000001edc32e9030 Uncommon trap: trap_request=0xffffffde fr.pc=0x000001edd53ed5d0 relative=0x0000000000000a90
Event: 1.299 Thread 0x000001edc32e9030 Uncommon trap: reason=class_check action=maybe_recompile pc=0x000001edd53ed5d0 method=java.util.HashMap.putVal(ILjava/lang/Object;Ljava/lang/Object;ZZ)Ljava/lang/Object; @ 203 c2
Event: 1.299 Thread 0x000001edc32e9030 DEOPT PACKING pc=0x000001edd53ed5d0 sp=0x000000a337ffcfc0
Event: 1.299 Thread 0x000001edc32e9030 DEOPT UNPACKING pc=0x000001edd4e446a2 sp=0x000000a337ffcef8 mode 2
Event: 1.462 Thread 0x000001edc32e9030 Uncommon trap: trap_request=0xffffff45 fr.pc=0x000001edd53f6644 relative=0x0000000000000264
Event: 1.462 Thread 0x000001edc32e9030 Uncommon trap: reason=unstable_if action=reinterpret pc=0x000001edd53f6644 method=java.util.HashMap.putVal(ILjava/lang/Object;Ljava/lang/Object;ZZ)Ljava/lang/Object; @ 162 c2
Event: 1.462 Thread 0x000001edc32e9030 DEOPT PACKING pc=0x000001edd53f6644 sp=0x000000a337ffc230
Event: 1.462 Thread 0x000001edc32e9030 DEOPT UNPACKING pc=0x000001edd4e446a2 sp=0x000000a337ffc168 mode 2
Event: 1.477 Thread 0x000001edc32e9030 Uncommon trap: trap_request=0xffffff45 fr.pc=0x000001edd53bcbb0 relative=0x0000000000000190
Event: 1.477 Thread 0x000001edc32e9030 Uncommon trap: reason=unstable_if action=reinterpret pc=0x000001edd53bcbb0 method=jdk.internal.util.ArraysSupport.vectorizedHashCode(Ljava/lang/Object;IIII)I @ 2 c2
Event: 1.477 Thread 0x000001edc32e9030 DEOPT PACKING pc=0x000001edd53bcbb0 sp=0x000000a337ffc170
Event: 1.477 Thread 0x000001edc32e9030 DEOPT UNPACKING pc=0x000001edd4e446a2 sp=0x000000a337ffc120 mode 2

Classes loaded (20 events):
Event: 1.535 Loading class sun/security/ssl/XDHKeyExchange$1
Event: 1.535 Loading class sun/security/ssl/XDHKeyExchange$1 done
Event: 1.535 Loading class sun/security/ssl/KeyShareExtension$KeyShareEntry
Event: 1.535 Loading class sun/security/ssl/KeyShareExtension$KeyShareEntry done
Event: 1.535 Loading class sun/security/ssl/ECDHKeyExchange$ECDHEPossession
Event: 1.535 Loading class sun/security/ssl/ECDHKeyExchange$ECDHEPossession done
Event: 1.536 Loading class sun/security/util/math/intpoly/IntegerPolynomialP384
Event: 1.536 Loading class sun/security/util/math/intpoly/IntegerPolynomialP384 done
Event: 1.537 Loading class sun/security/util/math/intpoly/IntegerPolynomialP521
Event: 1.537 Loading class sun/security/util/math/intpoly/IntegerPolynomialP521 done
Event: 1.537 Loading class sun/security/util/math/intpoly/P384OrderField
Event: 1.537 Loading class sun/security/util/math/intpoly/P384OrderField done
Event: 1.537 Loading class sun/security/util/math/intpoly/P521OrderField
Event: 1.537 Loading class sun/security/util/math/intpoly/P521OrderField done
Event: 1.539 Loading class java/security/interfaces/ECPrivateKey
Event: 1.539 Loading class java/security/interfaces/ECPrivateKey done
Event: 1.540 Loading class sun/security/util/ArrayUtil
Event: 1.540 Loading class sun/security/util/ArrayUtil done
Event: 1.545 Loading class sun/security/util/math/IntegerModuloP$MultiplicativeInverser$Secp256R1
Event: 1.546 Loading class sun/security/util/math/IntegerModuloP$MultiplicativeInverser$Secp256R1 done

Classes unloaded (0 events):
No events

Classes redefined (0 events):
No events

Internal exceptions (20 events):
Event: 0.356 Thread 0x000001edc32e9030 Exception <a 'sun/nio/fs/WindowsException'{0x0000000091c49b40}> (0x0000000091c49b40) 
thrown [s\open\src\hotspot\share\prims\jni.cpp, line 520]
Event: 0.356 Thread 0x000001edc32e9030 Exception <a 'sun/nio/fs/WindowsException'{0x0000000091c4a750}> (0x0000000091c4a750) 
thrown [s\open\src\hotspot\share\prims\jni.cpp, line 520]
Event: 0.411 Thread 0x000001edc32e9030 Exception <a 'java/lang/ClassNotFoundException'{0x0000000091b85e28}: sun/awt/resources/spi/awtProvider> (0x0000000091b85e28) 
thrown [s\open\src\hotspot\share\classfile\systemDictionary.cpp, line 312]
Event: 0.445 Thread 0x000001edc32e9030 Exception <a 'java/io/FileNotFoundException'{0x0000000091bdb280}> (0x0000000091bdb280) 
thrown [s\open\src\hotspot\share\prims\jni.cpp, line 520]
Event: 0.456 Thread 0x000001edc32e9030 Exception <a 'java/io/FileNotFoundException'{0x0000000091a05ca0}> (0x0000000091a05ca0) 
thrown [s\open\src\hotspot\share\prims\jni.cpp, line 520]
Event: 0.665 Thread 0x000001edc32e9030 Exception <a 'java/lang/NoSuchMethodError'{0x0000000091926b98}: 'void java.lang.invoke.DirectMethodHandle$Holder.invokeSpecial(java.lang.Object, java.lang.Object, java.lang.Object)'> (0x0000000091926b98) 
thrown [s\open\src\hotspot\share\interpreter\linkResolver.cpp, line 773]
Event: 0.677 Thread 0x000001edc32e9030 Exception <a 'java/lang/NoSuchMethodError'{0x000000009194c7b8}: 'java.lang.Object java.lang.invoke.DirectMethodHandle$Holder.newInvokeSpecial(java.lang.Object, java.lang.Object, java.lang.Object, java.lang.Object, java.lang.Object)'> (0x000000009194c7b8) 
thrown [s\open\src\hotspot\share\interpreter\linkResolver.cpp, line 773]
Event: 0.686 Thread 0x000001edc32e9030 Exception <a 'java/lang/NoSuchMethodError'{0x00000000919ee308}: 'java.lang.Object java.lang.invoke.DirectMethodHandle$Holder.invokeStatic(java.lang.Object, int, java.lang.Object)'> (0x00000000919ee308) 
thrown [s\open\src\hotspot\share\interpreter\linkResolver.cpp, line 773]
Event: 0.716 Thread 0x000001edc32e9030 Exception <a 'java/lang/ClassNotFoundException'{0x000000009188e488}: com/sun/swing/internal/plaf/metal/resources/spi/metalProvider> (0x000000009188e488) 
thrown [s\open\src\hotspot\share\classfile\systemDictionary.cpp, line 312]
Event: 0.718 Thread 0x000001edc32e9030 Exception <a 'java/lang/ClassNotFoundException'{0x0000000091892408}: com/sun/swing/internal/plaf/basic/resources/spi/basicProvider> (0x0000000091892408) 
thrown [s\open\src\hotspot\share\classfile\systemDictionary.cpp, line 312]
Event: 0.733 Thread 0x000001edc32e9030 Exception <a 'java/lang/NoSuchMethodError'{0x00000000918b18e0}: 'int java.lang.invoke.Invokers$Holder.invokeExact_MT(java.lang.Object, java.lang.Object)'> (0x00000000918b18e0) 
thrown [s\open\src\hotspot\share\interpreter\linkResolver.cpp, line 773]
Event: 0.855 Thread 0x000001ede1f1c750 Exception <a 'java/lang/NoSuchMethodError'{0x000000009168f960}: 'java.lang.Object java.lang.invoke.DirectMethodHandle$Holder.newInvokeSpecial(java.lang.Object, java.lang.Object, java.lang.Object, int, int, int, int, int)'> (0x000000009168f960) 
thrown [s\open\src\hotspot\share\interpreter\linkResolver.cpp, line 773]
Event: 0.900 Thread 0x000001edc32e9030 Exception <a 'java/lang/NoSuchMethodError'{0x00000000918e3860}: 'void java.lang.invoke.DirectMethodHandle$Holder.invokeStatic(java.lang.Object, java.lang.Object)'> (0x00000000918e3860) 
thrown [s\open\src\hotspot\share\interpreter\linkResolver.cpp, line 773]
Event: 0.947 Thread 0x000001edc32e9030 Exception <a 'java/lang/NoSuchMethodError'{0x0000000091390238}: 'java.lang.Object java.lang.invoke.DirectMethodHandle$Holder.invokeInterface(java.lang.Object, java.lang.Object)'> (0x0000000091390238) 
thrown [s\open\src\hotspot\share\interpreter\linkResolver.cpp, line 773]
Event: 0.986 Thread 0x000001edc32e9030 Exception <a 'java/lang/NoSuchMethodError'{0x0000000091206d08}: 'void java.lang.invoke.DirectMethodHandle$Holder.invokeStatic(java.lang.Object, java.lang.Object, java.lang.Object)'> (0x0000000091206d08) 
thrown [s\open\src\hotspot\share\interpreter\linkResolver.cpp, line 773]
Event: 0.990 Thread 0x000001edc32e9030 Exception <a 'java/lang/NoSuchMethodError'{0x0000000091212840}: 'java.lang.Object java.lang.invoke.DirectMethodHandle$Holder.invokeVirtual(java.lang.Object, java.lang.Object, java.lang.Object)'> (0x0000000091212840) 
thrown [s\open\src\hotspot\share\interpreter\linkResolver.cpp, line 773]
Event: 1.219 Thread 0x000001edc32e9030 Exception <a 'java/lang/NoSuchMethodError'{0x0000000090ec47a8}: 'void java.lang.invoke.DirectMethodHandle$Holder.invokeStaticInit(java.lang.Object, java.lang.Object)'> (0x0000000090ec47a8) 
thrown [s\open\src\hotspot\share\interpreter\linkResolver.cpp, line 773]
Event: 1.339 Thread 0x000001edc32e9030 Exception <a 'sun/nio/fs/WindowsException'{0x0000000090c03f48}> (0x0000000090c03f48) 
thrown [s\open\src\hotspot\share\prims\jni.cpp, line 520]
Event: 1.397 Thread 0x000001edc32e9030 Exception <a 'java/lang/NoSuchMethodError'{0x0000000090cb1cf8}: 'java.lang.Object java.lang.invoke.DirectMethodHandle$Holder.invokeStaticInit(java.lang.Object, int, int, int, int)'> (0x0000000090cb1cf8) 
thrown [s\open\src\hotspot\share\interpreter\linkResolver.cpp, line 773]
Event: 1.425 Thread 0x000001edc32e9030 Exception <a 'java/lang/NoSuchMethodError'{0x0000000090b71a90}: 'java.lang.Object java.lang.invoke.DirectMethodHandle$Holder.invokeStaticInit(java.lang.Object, java.lang.Object, int, int, int, int)'> (0x0000000090b71a90) 
thrown [s\open\src\hotspot\share\interpreter\linkResolver.cpp, line 773]

ZGC Phase Switch (0 events):
No events

VM Operations (10 events):
Event: 0.358 Executing VM operation: HandshakeAllThreads (Deoptimize)
Event: 0.358 Executing VM operation: HandshakeAllThreads (Deoptimize) done
Event: 0.743 Executing VM operation: HandshakeAllThreads (Deoptimize)
Event: 0.743 Executing VM operation: HandshakeAllThreads (Deoptimize) done
Event: 0.829 Executing VM operation: HandshakeAllThreads (Deoptimize)
Event: 0.829 Executing VM operation: HandshakeAllThreads (Deoptimize) done
Event: 0.920 Executing VM operation: HandshakeAllThreads (Deoptimize)
Event: 0.920 Executing VM operation: HandshakeAllThreads (Deoptimize) done
Event: 1.224 Executing VM operation: ICBufferFull
Event: 1.227 Executing VM operation: ICBufferFull done

Events (18 events):
Event: 0.269 Thread 0x000001edc32e9030 Thread added: 0x000001edc32e9030
Event: 0.291 Thread 0x000001ede1f03860 Thread added: 0x000001ede1f03860
Event: 0.291 Thread 0x000001ede1f06680 Thread added: 0x000001ede1f06680
Event: 0.292 Thread 0x000001ede1f09c40 Thread added: 0x000001ede1f09c40
Event: 0.292 Thread 0x000001ede1f0d7e0 Thread added: 0x000001ede1f0d7e0
Event: 0.292 Thread 0x000001ede1f0de40 Thread added: 0x000001ede1f0de40
Event: 0.292 Thread 0x000001ede1f1a680 Thread added: 0x000001ede1f1a680
Event: 0.292 Thread 0x000001ede1f1dfb0 Thread added: 0x000001ede1f1dfb0
Event: 0.293 Thread 0x000001ede1f21b50 Thread added: 0x000001ede1f21b50
Event: 0.330 Thread 0x000001ede1f1c0c0 Thread added: 0x000001ede1f1c0c0
Event: 0.375 Thread 0x000001ede1f1ad10 Thread added: 0x000001ede1f1ad10
Event: 0.538 Thread 0x000001ede1f1b3a0 Thread added: 0x000001ede1f1b3a0
Event: 0.540 Thread 0x000001ede1f1ba30 Thread added: 0x000001ede1f1ba30
Event: 0.542 Thread 0x000001ede1f19ff0 Thread added: 0x000001ede1f19ff0
Event: 0.755 Thread 0x000001ede1f1c750 Thread added: 0x000001ede1f1c750
Event: 0.805 Thread 0x000001ede7c3db40 Thread added: 0x000001ede7c3db40
Event: 0.902 Thread 0x000001ede1f1cde0 Thread added: 0x000001ede1f1cde0
Event: 1.556 Thread 0x000001ede80b92e0 Thread added: 0x000001ede80b92e0


Dynamic libraries:
0x00007ff6eff40000 - 0x00007ff6eff50000 	C:\Program Files\Java\jdk-21\bin\java.exe
0x00007ffa14370000 - 0x00007ffa14587000 	C:\windows\SYSTEM32\ntdll.dll
0x00007ffa12a00000 - 0x00007ffa12ac4000 	C:\windows\System32\KERNEL32.DLL
0x00007ffa117a0000 - 0x00007ffa11b70000 	C:\windows\System32\KERNELBASE.dll
0x00007ffa11c90000 - 0x00007ffa11da1000 	C:\windows\System32\ucrtbase.dll
0x00007ff9cd1f0000 - 0x00007ff9cd20b000 	C:\Program Files\Java\jdk-21\bin\VCRUNTIME140.dll
0x00007ff9fc740000 - 0x00007ff9fc759000 	C:\Program Files\Java\jdk-21\bin\jli.dll
0x00007ffa12740000 - 0x00007ffa127f1000 	C:\windows\System32\ADVAPI32.dll
0x00007ffa12d30000 - 0x00007ffa12dd7000 	C:\windows\System32\msvcrt.dll
0x00007ffa12150000 - 0x00007ffa121f7000 	C:\windows\System32\sechost.dll
0x00007ffa11620000 - 0x00007ffa11648000 	C:\windows\System32\bcrypt.dll
0x00007ffa12b00000 - 0x00007ffa12c14000 	C:\windows\System32\RPCRT4.dll
0x00007ffa137a0000 - 0x00007ffa1394e000 	C:\windows\System32\USER32.dll
0x00007ffa11650000 - 0x00007ffa11676000 	C:\windows\System32\win32u.dll
0x00007ff9f48f0000 - 0x00007ff9f4b82000 	C:\windows\WinSxS\amd64_microsoft.windows.common-controls_6595b64144ccf1df_6.0.22621.4830_none_270fe7d773858e80\COMCTL32.dll
0x00007ffa12ad0000 - 0x00007ffa12af9000 	C:\windows\System32\GDI32.dll
0x00007ffa11b70000 - 0x00007ffa11c8b000 	C:\windows\System32\gdi32full.dll
0x00007ffa11700000 - 0x00007ffa1179a000 	C:\windows\System32\msvcp_win.dll
0x00007ffa06d90000 - 0x00007ffa06d9a000 	C:\windows\SYSTEM32\VERSION.dll
0x00007ffa13760000 - 0x00007ffa13791000 	C:\windows\System32\IMM32.DLL
0x00007ffa0c690000 - 0x00007ffa0c69c000 	C:\Program Files\Java\jdk-21\bin\vcruntime140_1.dll
0x00007ff9ce420000 - 0x00007ff9ce4ae000 	C:\Program Files\Java\jdk-21\bin\msvcp140.dll
0x00007ff985fe0000 - 0x00007ff986cfa000 	C:\Program Files\Java\jdk-21\bin\server\jvm.dll
0x00007ffa13950000 - 0x00007ffa139c1000 	C:\windows\System32\WS2_32.dll
0x00007ffa11340000 - 0x00007ffa1138d000 	C:\windows\SYSTEM32\POWRPROF.dll
0x00007ffa0b910000 - 0x00007ffa0b944000 	C:\windows\SYSTEM32\WINMM.dll
0x00007ffa11320000 - 0x00007ffa11333000 	C:\windows\SYSTEM32\UMPDC.dll
0x00007ffa10660000 - 0x00007ffa10678000 	C:\windows\SYSTEM32\kernel.appcore.dll
0x00007ff9fcb70000 - 0x00007ff9fcb7a000 	C:\Program Files\Java\jdk-21\bin\jimage.dll
0x00007ffa080b0000 - 0x00007ffa082e2000 	C:\windows\SYSTEM32\DBGHELP.DLL
0x00007ffa123b0000 - 0x00007ffa12740000 	C:\windows\System32\combase.dll
0x00007ffa12070000 - 0x00007ffa12147000 	C:\windows\System32\OLEAUT32.dll
0x00007ff9f4650000 - 0x00007ff9f4682000 	C:\windows\SYSTEM32\dbgcore.DLL
0x00007ffa11db0000 - 0x00007ffa11e2b000 	C:\windows\System32\bcryptPrimitives.dll
0x00007ff9cd190000 - 0x00007ff9cd1af000 	C:\Program Files\Java\jdk-21\bin\java.dll
0x00007ffa13a20000 - 0x00007ffa14298000 	C:\windows\System32\SHELL32.dll
0x00007ffa0f530000 - 0x00007ffa0fe40000 	C:\windows\SYSTEM32\windows.storage.dll
0x00007ffa0f3f0000 - 0x00007ffa0f52f000 	C:\windows\SYSTEM32\wintypes.dll
0x00007ffa13630000 - 0x00007ffa1373a000 	C:\windows\System32\SHCORE.dll
0x00007ffa13500000 - 0x00007ffa1355e000 	C:\windows\System32\shlwapi.dll
0x00007ffa11550000 - 0x00007ffa1157b000 	C:\windows\SYSTEM32\profapi.dll
0x00007ff9cc1a0000 - 0x00007ff9cc277000 	C:\Program Files\Java\jdk-21\bin\jsvml.dll
0x00007ff9f9a20000 - 0x00007ff9f9a30000 	C:\Program Files\Java\jdk-21\bin\net.dll
0x00007ffa0d310000 - 0x00007ffa0d43c000 	C:\windows\SYSTEM32\WINHTTP.dll
0x00007ffa10ae0000 - 0x00007ffa10b4a000 	C:\windows\system32\mswsock.dll
0x00007ff9cd170000 - 0x00007ff9cd186000 	C:\Program Files\Java\jdk-21\bin\nio.dll
0x00007ff9cd150000 - 0x00007ff9cd168000 	C:\Program Files\Java\jdk-21\bin\zip.dll
0x00007ff9ce4b0000 - 0x00007ff9ce63f000 	C:\Program Files\Java\jdk-21\bin\awt.dll
0x00007ffa0d120000 - 0x00007ffa0d1b7000 	C:\windows\SYSTEM32\apphelp.dll
0x00007ffa0ed40000 - 0x00007ffa0ed6b000 	C:\windows\system32\DWMAPI.DLL
0x00007ffa0eaa0000 - 0x00007ffa0eb51000 	C:\windows\system32\uxtheme.dll
0x00007ff9942e0000 - 0x00007ff9943e0000 	C:\windows\system32\opengl32.dll
0x00007ff9aa990000 - 0x00007ff9aa9bd000 	C:\windows\SYSTEM32\GLU32.dll
0x00007ffa0ebd0000 - 0x00007ffa0ec07000 	C:\windows\SYSTEM32\dxcore.dll
0x00007ffa12810000 - 0x00007ffa1296f000 	C:\windows\System32\MSCTF.dll
0x00007ffa12200000 - 0x00007ffa123a1000 	C:\windows\System32\ole32.dll
0x00007ff9a8ca0000 - 0x00007ff9a8e48000 	C:\windows\system32\d3d9.dll
0x00007ffa06da0000 - 0x00007ffa06f5b000 	C:\windows\System32\DriverStore\FileRepository\u0401688.inf_amd64_27c8303ccb24675b\B401510\aticfx64.dll
0x00007ff9fb860000 - 0x00007ff9fb894000 	C:\windows\System32\DriverStore\FileRepository\u0401688.inf_amd64_27c8303ccb24675b\B401510\atiu9p64.dll
0x00007ff988390000 - 0x00007ff9890d7000 	C:\windows\System32\DriverStore\FileRepository\u0401688.inf_amd64_27c8303ccb24675b\B401510\atiumd64.dll
0x000000005e440000 - 0x000000005f353000 	C:\windows\System32\DriverStore\FileRepository\u0401688.inf_amd64_27c8303ccb24675b\B401510\atiumd6a.dll
0x00007ffa13080000 - 0x00007ffa134f4000 	C:\windows\System32\SETUPAPI.dll
0x00007ffa04ca0000 - 0x00007ffa04cd5000 	C:\windows\SYSTEM32\amdihk64.dll
0x00007ffa0a870000 - 0x00007ffa0a8b9000 	C:\windows\SYSTEM32\directxdatabasehelper.dll
0x00007ff9fbc40000 - 0x00007ff9fbc6e000 	C:\Program Files\Java\jdk-21\bin\javajpeg.dll
0x00007ffa10110000 - 0x00007ffa10212000 	C:\windows\SYSTEM32\DNSAPI.dll
0x00007ffa100a0000 - 0x00007ffa100cd000 	C:\windows\SYSTEM32\IPHLPAPI.DLL
0x00007ffa13070000 - 0x00007ffa13079000 	C:\windows\System32\NSI.dll
0x00007ffa0aa20000 - 0x00007ffa0aa2a000 	C:\Windows\System32\rasadhlp.dll
0x00007ffa0acf0000 - 0x00007ffa0ad73000 	C:\windows\System32\fwpuclnt.dll
0x00007ff9e8bb0000 - 0x00007ff9e8bb9000 	C:\Program Files\Java\jdk-21\bin\extnet.dll
0x00007ffa01ba0000 - 0x00007ffa01bae000 	C:\Program Files\Java\jdk-21\bin\sunmscapi.dll
0x00007ffa11e30000 - 0x00007ffa11f96000 	C:\windows\System32\CRYPT32.dll
0x00007ffa10f60000 - 0x00007ffa10f8d000 	C:\windows\SYSTEM32\ncrypt.dll
0x00007ffa10f20000 - 0x00007ffa10f57000 	C:\windows\SYSTEM32\NTASN1.dll
0x00007ffa10d30000 - 0x00007ffa10d4b000 	C:\windows\SYSTEM32\CRYPTSP.dll
0x00007ffa105c0000 - 0x00007ffa105f5000 	C:\windows\system32\rsaenh.dll
0x00007ffa10bd0000 - 0x00007ffa10bf8000 	C:\windows\SYSTEM32\USERENV.dll
0x00007ffa10d50000 - 0x00007ffa10d5c000 	C:\windows\SYSTEM32\CRYPTBASE.dll

dbghelp: loaded successfully - version: 4.0.5 - missing functions: none
symbol engine: initialized successfully - sym options: 0x614 - pdb path: .;C:\Program Files\Java\jdk-21\bin;C:\windows\SYSTEM32;C:\windows\WinSxS\amd64_microsoft.windows.common-controls_6595b64144ccf1df_6.0.22621.4830_none_270fe7d773858e80;C:\Program Files\Java\jdk-21\bin\server;C:\windows\System32\DriverStore\FileRepository\u0401688.inf_amd64_27c8303ccb24675b\B401510

VM Arguments:
jvm_args: -Dfile.encoding=UTF-8 --module-path=C:\Users\souja\OneDrive\Pictures\Documents\NetBeansProjects\Travel Management System\build\classes 
java_command: travel.management.system.ViewCustomer
java_class_path (initial): C:\Users\souja\Downloads\mysql-connector-java-8.0.28.jar;C:\Users\souja\OneDrive\Pictures\Documents\NetBeansProjects\Travel Management System\build\classes
Launcher Type: SUN_STANDARD

[Global flags]
     intx CICompilerCount                          = 4                                         {product} {ergonomic}
     uint ConcGCThreads                            = 3                                         {product} {ergonomic}
     uint G1ConcRefinementThreads                  = 10                                        {product} {ergonomic}
   size_t G1HeapRegionSize                         = 1048576                                   {product} {ergonomic}
    uintx GCDrainStackTargetSize                   = 64                                        {product} {ergonomic}
   size_t InitialHeapSize                          = 123731968                                 {product} {ergonomic}
   size_t MarkStackSize                            = 4194304                                   {product} {ergonomic}
   size_t MaxHeapSize                              = 1971322880                                {product} {ergonomic}
   size_t MaxNewSize                               = 1182793728                                {product} {ergonomic}
   size_t MinHeapDeltaBytes                        = 1048576                                   {product} {ergonomic}
   size_t MinHeapSize                              = 8388608                                   {product} {ergonomic}
    uintx NonNMethodCodeHeapSize                   = 5839372                                {pd product} {ergonomic}
    uintx NonProfiledCodeHeapSize                  = 122909434                              {pd product} {ergonomic}
    uintx ProfiledCodeHeapSize                     = 122909434                              {pd product} {ergonomic}
    uintx ReservedCodeCacheSize                    = 251658240                              {pd product} {ergonomic}
     bool SegmentedCodeCache                       = true                                      {product} {ergonomic}
   size_t SoftMaxHeapSize                          = 1971322880                             {manageable} {ergonomic}
     bool UseCompressedOops                        = true                           {product lp64_product} {ergonomic}
     bool UseG1GC                                  = true                                      {product} {ergonomic}
     bool UseLargePagesIndividualAllocation        = false                                  {pd product} {ergonomic}

Logging:
Log output configuration:
 #0: stdout all=warning uptime,level,tags foldmultilines=false
 #1: stderr all=off uptime,level,tags foldmultilines=false

Environment Variables:
PATH=C:\Program Files\Common Files\Oracle\Java\javapath;C:\Program Files\Python313\Scripts\;C:\Program Files\Python313\;C:\windows\system32;C:\windows;C:\windows\System32\Wbem;C:\windows\System32\WindowsPowerShell\v1.0\;C:\windows\System32\OpenSSH\;C:\Program Files\HP\HP One Agent;C:\Program Files\MySQL\MySQL Server 8.0\bin;C:\Program Files\nodejs\;C:\Program Files\MySQL\MySQL Shell 8.0\bin\;C:\Users\souja\AppData\Local\Programs\Python\Launcher\;C:\Users\souja\AppData\Local\Microsoft\WindowsApps;C:\Users\souja\AppData\Local\Programs\Microsoft VS Code\bin;C:\Users\souja\AppData\Local\Programs\mongosh\;C:\Users\souja\AppData\Roaming\npm
USERNAME=souja
OS=Windows_NT
PROCESSOR_IDENTIFIER=AMD64 Family 25 Model 80 Stepping 0, AuthenticAMD
TMP=C:\Users\souja\AppData\Local\Temp
TEMP=C:\Users\souja\AppData\Local\Temp




Periodic native trim disabled

---------------  S Y S T E M  ---------------

OS:
 Windows 11 , 64 bit Build 22621 (10.0.22621.4830)
OS uptime: 0 days 17:07 hours
Hyper-V role detected

CPU: total 12 (initial active 12) (12 cores per cpu, 2 threads per core) family 25 model 80 stepping 0 microcode 0x0, cx8, cmov, fxsr, ht, mmx, 3dnowpref, sse, sse2, sse3, ssse3, sse4a, sse4.1, sse4.2, popcnt, lzcnt, tsc, tscinvbit, avx, avx2, aes, erms, clmul, bmi1, bmi2, adx, sha, fma, vzeroupper, clflush, clflushopt, hv, rdtscp, rdpid, fsrm, f16c, cet_ss
Processor Information for processor 0
  Max Mhz: 2000, Current Mhz: 1808, Mhz Limit: 2000
Processor Information for processor 1
  Max Mhz: 2000, Current Mhz: 1808, Mhz Limit: 2000
Processor Information for processor 2
  Max Mhz: 2000, Current Mhz: 1890, Mhz Limit: 2000
Processor Information for processor 3
  Max Mhz: 2000, Current Mhz: 1808, Mhz Limit: 2000
Processor Information for processor 4
  Max Mhz: 2000, Current Mhz: 1808, Mhz Limit: 2000
Processor Information for processor 5
  Max Mhz: 2000, Current Mhz: 1808, Mhz Limit: 2000
Processor Information for processor 6
  Max Mhz: 2000, Current Mhz: 1808, Mhz Limit: 2000
Processor Information for processor 7
  Max Mhz: 2000, Current Mhz: 1808, Mhz Limit: 2000
Processor Information for processor 8
  Max Mhz: 2000, Current Mhz: 1808, Mhz Limit: 2000
Processor Information for processor 9
  Max Mhz: 2000, Current Mhz: 1808, Mhz Limit: 2000
Processor Information for processor 10
  Max Mhz: 2000, Current Mhz: 1890, Mhz Limit: 2000
Processor Information for processor 11
  Max Mhz: 2000, Current Mhz: 1808, Mhz Limit: 2000

Memory: 4k page, system-wide physical 7519M (666M free)
TotalPageFile size 30841M (AvailPageFile size 0M)
current process WorkingSet (physical memory assigned to process): 90M, peak: 90M
current process commit charge ("private bytes"): 236M, peak: 237M

vm_info: Java HotSpot(TM) 64-Bit Server VM (21.0.6+8-LTS-188) for windows-amd64 JRE (21.0.6+8-LTS-188), built on 2024-12-03T10:50:54Z by "mach5one" with MS VC++ 17.6 (VS2022)

END.
